<?xml version="1.0" encoding="UTF-8"?><testsuite errors="0" failures="0" name="uk.gov.hmcts.reform.pcqbackend.controllers.PcqAnswersErrorResponseTest" skipped="0" tests="4" time="0.45" timestamp="2020-03-26 09:58:24"><testcase classname="uk.gov.hmcts.reform.pcqbackend.controllers.PcqAnswersErrorResponseTest" name="Invalid json request"/><testcase classname="uk.gov.hmcts.reform.pcqbackend.controllers.PcqAnswersErrorResponseTest" name="Stale pcq answers"/><testcase classname="uk.gov.hmcts.reform.pcqbackend.controllers.PcqAnswersErrorResponseTest" name="Invalid version"/><testcase classname="uk.gov.hmcts.reform.pcqbackend.controllers.PcqAnswersErrorResponseTest" name="Un recoverable error test"/></testsuite>