<?xml version="1.0" encoding="UTF-8"?><testsuite errors="0" failures="0" name="uk.gov.hmcts.reform.pcqbackend.controllers.UpdatePcqRequestTest" skipped="0" tests="29" time="3.66" timestamp="2020-03-25 12:46:51"><testcase classname="uk.gov.hmcts.reform.pcqbackend.controllers.UpdatePcqRequestTest" name="Invalid pregnancy"/><testcase classname="uk.gov.hmcts.reform.pcqbackend.controllers.UpdatePcqRequestTest" name="Update sex"/><testcase classname="uk.gov.hmcts.reform.pcqbackend.controllers.UpdatePcqRequestTest" name="Test injection other disability"/><testcase classname="uk.gov.hmcts.reform.pcqbackend.controllers.UpdatePcqRequestTest" name="Invalid dob"/><testcase classname="uk.gov.hmcts.reform.pcqbackend.controllers.UpdatePcqRequestTest" name="Test injection other religion"/><testcase classname="uk.gov.hmcts.reform.pcqbackend.controllers.UpdatePcqRequestTest" name="Dob provided state date"/><testcase classname="uk.gov.hmcts.reform.pcqbackend.controllers.UpdatePcqRequestTest" name="Test injection other ethnicity"/><testcase classname="uk.gov.hmcts.reform.pcqbackend.controllers.UpdatePcqRequestTest" name="Update gender"/><testcase classname="uk.gov.hmcts.reform.pcqbackend.controllers.UpdatePcqRequestTest" name="Update dob provided success"/><testcase classname="uk.gov.hmcts.reform.pcqbackend.controllers.UpdatePcqRequestTest" name="Update other disability details"/><testcase classname="uk.gov.hmcts.reform.pcqbackend.controllers.UpdatePcqRequestTest" name="Update english language level"/><testcase classname="uk.gov.hmcts.reform.pcqbackend.controllers.UpdatePcqRequestTest" name="Update ethnicity other"/><testcase classname="uk.gov.hmcts.reform.pcqbackend.controllers.UpdatePcqRequestTest" name="Update married"/><testcase classname="uk.gov.hmcts.reform.pcqbackend.controllers.UpdatePcqRequestTest" name="Update other sexuality"/><testcase classname="uk.gov.hmcts.reform.pcqbackend.controllers.UpdatePcqRequestTest" name="Update pregnancy"/><testcase classname="uk.gov.hmcts.reform.pcqbackend.controllers.UpdatePcqRequestTest" name="Test sql injection"/><testcase classname="uk.gov.hmcts.reform.pcqbackend.controllers.UpdatePcqRequestTest" name="Update main language"/><testcase classname="uk.gov.hmcts.reform.pcqbackend.controllers.UpdatePcqRequestTest" name="Test injection other sexuality"/><testcase classname="uk.gov.hmcts.reform.pcqbackend.controllers.UpdatePcqRequestTest" name="Update religion"/><testcase classname="uk.gov.hmcts.reform.pcqbackend.controllers.UpdatePcqRequestTest" name="Update ethnicity"/><testcase classname="uk.gov.hmcts.reform.pcqbackend.controllers.UpdatePcqRequestTest" name="Update dob success"/><testcase classname="uk.gov.hmcts.reform.pcqbackend.controllers.UpdatePcqRequestTest" name="Update disability types"/><testcase classname="uk.gov.hmcts.reform.pcqbackend.controllers.UpdatePcqRequestTest" name="Update religion other"/><testcase classname="uk.gov.hmcts.reform.pcqbackend.controllers.UpdatePcqRequestTest" name="Update gender different"/><testcase classname="uk.gov.hmcts.reform.pcqbackend.controllers.UpdatePcqRequestTest" name="Update disability conditions"/><testcase classname="uk.gov.hmcts.reform.pcqbackend.controllers.UpdatePcqRequestTest" name="Test injection other language"/><testcase classname="uk.gov.hmcts.reform.pcqbackend.controllers.UpdatePcqRequestTest" name="Update disability impact"/><testcase classname="uk.gov.hmcts.reform.pcqbackend.controllers.UpdatePcqRequestTest" name="Update other language"/><testcase classname="uk.gov.hmcts.reform.pcqbackend.controllers.UpdatePcqRequestTest" name="Update sexuality"/></testsuite>