<?xml version="1.0" encoding="UTF-8"?><testsuite errors="0" failures="0" name="uk.gov.hmcts.reform.pcqbackend.controllers.EndpointSecurityTest" skipped="0" tests="2" time="0.19" timestamp="2020-03-26 04:51:26"><testcase classname="uk.gov.hmcts.reform.pcqbackend.controllers.EndpointSecurityTest" name="Should allow unauthenticated requests to health check and return 200 response code"/><testcase classname="uk.gov.hmcts.reform.pcqbackend.controllers.EndpointSecurityTest" name="Should allow unauthenticated requests to welcome message and return 200 response code"/></testsuite>