<?xml version="1.0" encoding="UTF-8"?><testsuite errors="0" failures="0" name="uk.gov.hmcts.reform.pcqbackend.controllers.CreatePcqRequestTest" skipped="0" tests="3" time="0.14" timestamp="2020-03-27 01:04:01"><testcase classname="uk.gov.hmcts.reform.pcqbackend.controllers.CreatePcqRequestTest" name="Create pcq answers success without case"/><testcase classname="uk.gov.hmcts.reform.pcqbackend.controllers.CreatePcqRequestTest" name="Create pcq answers success with case"/><testcase classname="uk.gov.hmcts.reform.pcqbackend.controllers.CreatePcqRequestTest" name="Test controller internal error"/></testsuite>